2020-05-28 15:24:26 FATAL BaseClass:31 - Unable to launchChromebrowser
2020-05-28 15:24:26 FATAL BaseClass:40 - Unable to open URLnull
2020-05-28 15:24:26 FATAL BaseClass:50 - Unable to Entered the value into the textbox having locator:-By.xpath: //*[@name='userName']
2020-05-28 15:24:26 FATAL BaseClass:50 - Unable to Entered the value into the textbox having locator:-By.xpath: //*[@name='password']
2020-05-28 15:24:26 FATAL BaseClass:59 - Unable to click on the element having locator:- By.xpath: //*[@name='login']
2020-05-28 15:24:31 FATAL BaseClass:96 - Element is not displayed on the page
2020-05-28 15:24:31 FATAL BaseClass:96 - Element is not displayed on the page
2020-05-28 15:24:31 FATAL BaseClass:59 - Unable to click on the element having locator:- By.xpath: //*[@value='oneway']
2020-05-28 15:24:31 FATAL BaseClass:78 - Unable to select the 2 using:- By.xpath: //*[@name='passCount']
2020-05-28 15:24:31 FATAL BaseClass:78 - Unable to select the London using:- By.xpath: //*[@name='fromPort']
2020-05-28 15:24:31 FATAL BaseClass:78 - Unable to select the June using:- By.xpath: //*[@name='fromMonth']
2020-05-28 15:24:31 FATAL BaseClass:78 - Unable to select the 15 using:- By.xpath: //*[@name='fromDay']
2020-05-28 15:24:31 FATAL BaseClass:78 - Unable to select the New York using:- By.xpath: //*[@name='toPort']
2020-05-28 15:24:31 FATAL BaseClass:78 - Unable to select the July using:- By.xpath: //*[@name='toMonth']
2020-05-28 15:24:31 FATAL BaseClass:78 - Unable to select the 1 using:- By.xpath: //*[@name='toDay']
2020-05-28 15:24:31 FATAL BaseClass:59 - Unable to click on the element having locator:- By.xpath: //*[@value='Business']
2020-05-28 15:24:31 FATAL BaseClass:59 - Unable to click on the element having locator:- By.xpath: //*[@name='findFlights']
2020-05-28 15:24:31 FATAL BaseClass:96 - Element is not displayed on the page
2020-05-28 15:24:31 FATAL BaseClass:59 - Unable to click on the element having locator:- By.xpath: //*[@name="reserveFlights"]
2020-05-28 15:25:08 INFO  BaseClass:23 - Chromebrowser is up and running
2020-05-28 15:25:10 INFO  BaseClass:38 - Opened URl:- http://newtours.demoaut.com/
2020-05-28 15:25:10 INFO  BaseClass:48 - Entered thetutorialinto the textbox having locator:- By.xpath: //*[@name='userName']
2020-05-28 15:25:11 INFO  BaseClass:48 - Entered thetutorialinto the textbox having locator:- By.xpath: //*[@name='password']
2020-05-28 15:25:35 INFO  BaseClass:57 - Clicked on the element having locator:- By.xpath: //*[@name='login']
2020-05-28 15:25:41 INFO  BaseClass:94 - Element is displayed on the page:- By.linkText: SIGN-OFF
2020-05-28 15:25:41 INFO  BaseClass:94 - Element is displayed on the page:- By.xpath: //img[contains(@src,'flightfinder')]
2020-05-28 15:25:41 INFO  BaseClass:57 - Clicked on the element having locator:- By.xpath: //*[@value='oneway']
2020-05-28 15:25:41 INFO  BaseClass:76 - Select the 2 using:- By.xpath: //*[@name='passCount']
2020-05-28 15:25:42 INFO  BaseClass:76 - Select the London using:- By.xpath: //*[@name='fromPort']
2020-05-28 15:25:42 INFO  BaseClass:76 - Select the June using:- By.xpath: //*[@name='fromMonth']
2020-05-28 15:25:42 INFO  BaseClass:76 - Select the 15 using:- By.xpath: //*[@name='fromDay']
2020-05-28 15:25:43 INFO  BaseClass:76 - Select the New York using:- By.xpath: //*[@name='toPort']
2020-05-28 15:25:43 INFO  BaseClass:76 - Select the July using:- By.xpath: //*[@name='toMonth']
2020-05-28 15:25:43 INFO  BaseClass:76 - Select the 1 using:- By.xpath: //*[@name='toDay']
2020-05-28 15:25:43 INFO  BaseClass:57 - Clicked on the element having locator:- By.xpath: //*[@value='Business']
2020-05-28 15:25:45 INFO  BaseClass:57 - Clicked on the element having locator:- By.xpath: //*[@name='findFlights']
2020-05-28 15:25:45 INFO  BaseClass:94 - Element is displayed on the page:- By.xpath: //*[contains(@src,'selectflight')]
2020-05-28 15:25:46 INFO  BaseClass:57 - Clicked on the element having locator:- By.xpath: //*[@name="reserveFlights"]
2020-05-28 15:46:49 INFO  BaseClass:36 - Chromebrowser is up and running
2020-05-28 15:46:49 FATAL BaseClass:53 - Unable to open URLnull value in entry: url=null
2020-05-28 15:47:19 FATAL BaseClass:63 - Unable to Entered the value into the textbox having locator:-By.xpath: //*[@name='userName']
2020-05-28 15:47:31 FATAL BaseClass:63 - Unable to Entered the value into the textbox having locator:-By.xpath: //*[@name='password']
2020-05-28 15:47:31 FATAL BaseClass:72 - Unable to click on the element having locator:- By.xpath: //*[@name='login']
2020-05-28 15:47:36 FATAL BaseClass:109 - Element is not displayed on the page
2020-05-28 15:47:37 FATAL BaseClass:109 - Element is not displayed on the page
2020-05-28 15:47:37 FATAL BaseClass:72 - Unable to click on the element having locator:- By.xpath: //*[@value='oneway']
2020-05-28 15:47:37 FATAL BaseClass:91 - Unable to select the 2 using:- By.xpath: //*[@name='passCount']
2020-05-28 15:47:37 FATAL BaseClass:91 - Unable to select the London using:- By.xpath: //*[@name='fromPort']
2020-05-28 15:47:37 FATAL BaseClass:91 - Unable to select the June using:- By.xpath: //*[@name='fromMonth']
2020-05-28 15:47:37 FATAL BaseClass:91 - Unable to select the 15 using:- By.xpath: //*[@name='fromDay']
2020-05-28 15:47:37 FATAL BaseClass:91 - Unable to select the New York using:- By.xpath: //*[@name='toPort']
2020-05-28 15:47:37 FATAL BaseClass:91 - Unable to select the July using:- By.xpath: //*[@name='toMonth']
2020-05-28 15:47:37 FATAL BaseClass:91 - Unable to select the 1 using:- By.xpath: //*[@name='toDay']
2020-05-28 15:47:37 FATAL BaseClass:72 - Unable to click on the element having locator:- By.xpath: //*[@value='Business']
2020-05-28 15:47:37 FATAL BaseClass:72 - Unable to click on the element having locator:- By.xpath: //*[@name='findFlights']
2020-05-28 15:47:37 FATAL BaseClass:109 - Element is not displayed on the page
2020-05-28 15:47:37 FATAL BaseClass:72 - Unable to click on the element having locator:- By.xpath: //*[@name="reserveFlights"]
2020-05-28 15:51:39 INFO  BaseClass:36 - Chromebrowser is up and running
2020-05-28 15:51:41 INFO  BaseClass:51 - Opened URl:- http://newtours.demoaut.com/
2020-05-28 15:51:41 INFO  BaseClass:61 - Entered thetutorialinto the textbox having locator:- By.xpath: //*[@name='userName']
2020-05-28 15:51:42 INFO  BaseClass:61 - Entered thetutorialinto the textbox having locator:- By.xpath: //*[@name='password']
2020-05-28 15:52:21 INFO  BaseClass:70 - Clicked on the element having locator:- By.xpath: //*[@name='login']
2020-05-28 15:52:26 INFO  BaseClass:107 - Element is displayed on the page:- By.linkText: SIGN-OFF
2020-05-28 15:52:26 INFO  BaseClass:107 - Element is displayed on the page:- By.xpath: //img[contains(@src,'flightfinder')]
2020-05-28 15:52:27 INFO  BaseClass:70 - Clicked on the element having locator:- By.xpath: //*[@value='oneway']
2020-05-28 15:52:27 INFO  BaseClass:89 - Select the 2 using:- By.xpath: //*[@name='passCount']
2020-05-28 15:52:27 INFO  BaseClass:89 - Select the London using:- By.xpath: //*[@name='fromPort']
2020-05-28 15:52:28 INFO  BaseClass:89 - Select the June using:- By.xpath: //*[@name='fromMonth']
2020-05-28 15:52:28 INFO  BaseClass:89 - Select the 15 using:- By.xpath: //*[@name='fromDay']
2020-05-28 15:52:28 INFO  BaseClass:89 - Select the New York using:- By.xpath: //*[@name='toPort']
2020-05-28 15:52:29 INFO  BaseClass:89 - Select the July using:- By.xpath: //*[@name='toMonth']
2020-05-28 15:52:29 INFO  BaseClass:89 - Select the 1 using:- By.xpath: //*[@name='toDay']
2020-05-28 15:52:29 INFO  BaseClass:70 - Clicked on the element having locator:- By.xpath: //*[@value='Business']
2020-05-28 15:52:40 INFO  BaseClass:70 - Clicked on the element having locator:- By.xpath: //*[@name='findFlights']
2020-05-28 15:52:40 INFO  BaseClass:107 - Element is displayed on the page:- By.xpath: //*[contains(@src,'selectflight')]
2020-05-28 15:52:42 INFO  BaseClass:70 - Clicked on the element having locator:- By.xpath: //*[@name="reserveFlights"]
